#
# There is insufficient memory for the Java Runtime Environment to continue.
# Native memory allocation (malloc) failed to allocate 32744 bytes for ChunkPool::allocate
# Possible reasons:
#   The system is out of physical RAM or swap space
#   The process is running with CompressedOops enabled, and the Java Heap may be blocking the growth of the native heap
# Possible solutions:
#   Reduce memory load on the system
#   Increase physical memory or swap space
#   Check if swap backing store is full
#   Decrease Java heap size (-Xmx/-Xms)
#   Decrease number of Java threads
#   Decrease Java thread stack sizes (-Xss)
#   Set larger code cache with -XX:ReservedCodeCacheSize=
#   JVM is running with Unscaled Compressed Oops mode in which the Java heap is
#     placed in the first 4GB address space. The Java Heap base address is the
#     maximum limit for the native heap growth. Please use -XX:HeapBaseMinAddress
#     to set the Java Heap base and to place the Java Heap above 4GB virtual address.
# This output file may be truncated or incomplete.
#
#  Out of Memory Error (arena.cpp:78), pid=27844, tid=29136
#
# JRE version: OpenJDK Runtime Environment (17.0.6) (build 17.0.6+0-b2043.56-10027231)
# Java VM: OpenJDK 64-Bit Server VM (17.0.6+0-b2043.56-10027231, mixed mode, tiered, compressed oops, compressed class ptrs, g1 gc, windows-amd64)
# No core dump will be written. Minidumps are not enabled by default on client versions of Windows
#

---------------  S U M M A R Y ------------

Command Line: --add-opens=java.base/java.util=ALL-UNNAMED --add-opens=java.base/java.lang=ALL-UNNAMED --add-opens=java.base/java.lang.invoke=ALL-UNNAMED --add-opens=java.prefs/java.util.prefs=ALL-UNNAMED --add-opens=java.base/java.nio.charset=ALL-UNNAMED --add-opens=java.base/java.net=ALL-UNNAMED --add-opens=java.base/java.util.concurrent.atomic=ALL-UNNAMED -Xmx2048m -Dfile.encoding=UTF-8 -Duser.country=FR -Duser.language=fr -Duser.variant org.gradle.launcher.daemon.bootstrap.GradleDaemon 8.0

Host: Intel(R) Core(TM) i7-10510U CPU @ 1.80GHz, 8 cores, 15G,  Windows 11 , 64 bit Build 22621 (10.0.22621.2428)
Time: Wed Oct 18 14:35:29 2023 Paris, Madrid (heure duild 22621 (10.0.22621.2428) elapsed time: 5.755692 seconds (0d 0h 0m 5s)

---------------  T H R E A D  ---------------

Current thread (0x000002832fca44c0):  JavaThread "C2 CompilerThread2" daemon [_thread_in_native, id=29136, stack(0x000000a1a8000000,0x000000a1a8100000)]


Current CompileTask:
C2:   5755 3923       4       java.security.CodeSource::<init> (52 bytes)

Stack: [0x000000a1a8000000,0x000000a1a8100000]
Native frames: (J=compiled Java code, j=interpreted, Vv=VM code, C=native code)
V  [jvm.dll+0x683c9a]
V  [jvm.dll+0x8427a4]
V  [jvm.dll+0x843f9e]
V  [jvm.dll+0x844603]
V  [jvm.dll+0x249b75]
V  [jvm.dll+0xabecc]
V  [jvm.dll+0xac27c]
V  [jvm.dll+0x11f188]
V  [jvm.dll+0x6ad24b]
V  [jvm.dll+0x1bd184]
V  [jvm.dll+0x21c359]
V  [jvm.dll+0x21b621]
V  [jvm.dll+0x1a4fdd]
V  [jvm.dll+0x22b098]
V  [jvm.dll+0x229159]
V  [jvm.dll+0x7f81ec]
V  [jvm.dll+0x7f274a]
V  [jvm.dll+0x682ad5]
C  [ucrtbase.dll+0x29363]
C  [KERNEL32.DLL+0x1257d]
C  [ntdll.dll+0x5aa78]


---------------  P R O C E S S  ---------------

Threads class SMR info:
_java_thread_list=0x0000028335a68920, length=39, elements={
0x00000283153577d0, 0x000002832f1bc280, 0x000002832f1bd0f0, 0x000002832fc87980,
0x000002832fc8a250, 0x000002832fc8ab10, 0x000002832fc8bad0, 0x000002832fc91dd0,
0x000002832fca53f0, 0x000002832fca6520, 0x000002832fe2ec30, 0x000002832fe31110,
0x000002832fca2150, 0x00000283308f4b30, 0x000002833154ac50, 0x00000283315a2070,
0x00000283317ce8c0, 0x000002833222e440, 0x000002833100e2a0, 0x0000028331010df0,
0x0000028331011790, 0x00000283310112c0, 0x000002833100f5e0, 0x000002833100f110,
0x0000028331010920, 0x000002833100fab0, 0x000002832fca44c0, 0x000002833100ddd0,
0x000002833100e770, 0x0000028331010450, 0x00000283329d8f60, 0x00000283329d55a0,
0x00000283329d8a90, 0x00000283329d5f40, 0x00000283329dbab0, 0x00000283329d85c0,
0x00000283329dac40, 0x00000283329db110, 0x00000283329d6410
}

Java Threads: ( => current thread )
  0x00000283153577d0 JavaThread "main" [_thread_blocked, id=4156, stack(0x000000a1a5700000,0x000000a1a5800000)]
  0x000002832f1bc280 JavaThread "Reference Handler" daemon [_thread_blocked, id=27376, stack(0x000000a1a5e00000,0x000000a1a5f00000)]
  0x000002832f1bd0f0 JavaThread "Finalizer" daemon [_thread_blocked, id=25492, stack(0x000000a1a5f00000,0x000000a1a6000000)]
  0x000002832fc87980 JavaThread "Signal Dispatcher" daemon [_thread_blocked, id=17920, stack(0x000000a1a6000000,0x000000a1a6100000)]
  0x000002832fc8a250 JavaThread "Attach Listener" daemon [_thread_blocked, id=26644, stack(0x000000a1a6100000,0x000000a1a6200000)]
  0x000002832fc8ab10 JavaThread "Service Thread" daemon [_thread_blocked, id=16600, stack(0x000000a1a6200000,0x000000a1a6300000)]
  0x000002832fc8bad0 JavaThread "Monitor Deflation Thread" daemon [_thread_blocked, id=9560, stack(0x000000a1a6300000,0x000000a1a6400000)]
  0x000002832fc91dd0 JavaThread "C2 CompilerThread0" daemon [_thread_in_native, id=24360, stack(0x000000a1a6400000,0x000000a1a6500000)]
  0x000002832fca53f0 JavaThread "C1 CompilerThread0" daemon [_thread_in_native, id=19580, stack(0x000000a1a6500000,0x000000a1a6600000)]
  0x000002832fca6520 JavaThread "Sweeper thread" daemon [_thread_blocked, id=16444, stack(0x000000a1a6600000,0x000000a1a6700000)]
  0x000002832fe2ec30 JavaThread "Common-Cleaner" daemon [_thread_blocked, id=21980, stack(0x000000a1a6700000,0x000000a1a6800000)]
  0x000002832fe31110 JavaThread "Notification Thread" daemon [_thread_blocked, id=26728, stack(0x000000a1a6800000,0x000000a1a6900000)]
  0x000002832fca2150 JavaThread "C2 CompilerThread1" daemon [_thread_blocked, id=11644, stack(0x000000a1a6a00000,0x000000a1a6b00000)]
  0x00000283308f4b30 JavaThread "Daemon health stats" [_thread_blocked, id=18724, stack(0x000000a1a7100000,0x000000a1a7200000)]
  0x000002833154ac50 JavaThread "Incoming local TCP Connector on port 57402" [_thread_in_native, id=25900, stack(0x000000a1a7200000,0x000000a1a7300000)]
  0x00000283315a2070 JavaThread "Daemon periodic checks" [_thread_blocked, id=20404, stack(0x000000a1a7300000,0x000000a1a7400000)]
  0x00000283317ce8c0 JavaThread "Daemon" [_thread_blocked, id=22480, stack(0x000000a1a7400000,0x000000a1a7500000)]
  0x000002833222e440 JavaThread "Handler for socket connection from /127.0.0.1:57402 to /127.0.0.1:57403" [_thread_in_native, id=21340, stack(0x000000a1a7500000,0x000000a1a7600000)]
  0x000002833100e2a0 JavaThread "Cancel handler" [_thread_blocked, id=21476, stack(0x000000a1a7600000,0x000000a1a7700000)]
  0x0000028331010df0 JavaThread "Daemon worker" [_thread_in_vm, id=27728, stack(0x000000a1a7700000,0x000000a1a7800000)]
  0x0000028331011790 JavaThread "Asynchronous log dispatcher for DefaultDaemonConnection: socket connection from /127.0.0.1:57402 to /127.0.0.1:57403" [_thread_blocked, id=11312, stack(0x000000a1a7800000,0x000000a1a7900000)]
  0x00000283310112c0 JavaThread "Stdin handler" [_thread_blocked, id=22732, stack(0x000000a1a7900000,0x000000a1a7a00000)]
  0x000002833100f5e0 JavaThread "Daemon client event forwarder" [_thread_blocked, id=15952, stack(0x000000a1a7a00000,0x000000a1a7b00000)]
  0x000002833100f110 JavaThread "Cache worker for journal cache (C:\Users\junio\.gradle\caches\journal-1)" [_thread_blocked, id=25428, stack(0x000000a1a7000000,0x000000a1a7100000)]
  0x0000028331010920 JavaThread "File lock request listener" [_thread_in_native, id=2468, stack(0x000000a1a7e00000,0x000000a1a7f00000)]
  0x000002833100fab0 JavaThread "Cache worker for file hash cache (C:\Users\junio\.gradle\caches\8.0\fileHashes)" [_thread_blocked, id=16540, stack(0x000000a1a7f00000,0x000000a1a8000000)]
=>0x000002832fca44c0 JavaThread "C2 CompilerThread2" daemon [_thread_in_native, id=29136, stack(0x000000a1a8000000,0x000000a1a8100000)]
  0x000002833100ddd0 JavaThread "File watcher server" daemon [_thread_in_native, id=23560, stack(0x000000a1a8100000,0x000000a1a8200000)]
  0x000002833100e770 JavaThread "File watcher consumer" daemon [_thread_blocked, id=15452, stack(0x000000a1a8200000,0x000000a1a8300000)]
  0x0000028331010450 JavaThread "Cache worker for checksums cache (D:\Ange PC\download\Android\Mon-E-Hero\.gradle\8.0\checksums)" [_thread_blocked, id=3792, stack(0x000000a1a8300000,0x000000a1a8400000)]
  0x00000283329d8f60 JavaThread "Cache worker for cache directory md-rule (C:\Users\junio\.gradle\caches\8.0\md-rule)" [_thread_blocked, id=12672, stack(0x000000a1a8400000,0x000000a1a8500000)]
  0x00000283329d55a0 JavaThread "Cache worker for file content cache (C:\Users\junio\.gradle\caches\8.0\fileContent)" [_thread_blocked, id=16376, stack(0x000000a1a8500000,0x000000a1a8600000)]
  0x00000283329d8a90 JavaThread "Cache worker for file hash cache (D:\Ange PC\download\Android\Mon-E-Hero\.gradle\8.0\fileHashes)" [_thread_blocked, id=23892, stack(0x000000a1a8600000,0x000000a1a8700000)]
  0x00000283329d5f40 JavaThread "Cache worker for cache directory md-supplier (C:\Users\junio\.gradle\caches\8.0\md-supplier)" [_thread_blocked, id=18084, stack(0x000000a1a8700000,0x000000a1a8800000)]
  0x00000283329dbab0 JavaThread "Cache worker for execution history cache (C:\Users\junio\.gradle\caches\8.0\executionHistory)" [_thread_blocked, id=17592, stack(0x000000a1a8800000,0x000000a1a8900000)]
  0x00000283329d85c0 JavaThread "jar transforms" [_thread_blocked, id=3324, stack(0x000000a1a8900000,0x000000a1a8a00000)]
  0x00000283329dac40 JavaThread "jar transforms Thread 2" [_thread_blocked, id=15396, stack(0x000000a1a8a00000,0x000000a1a8b00000)]
  0x00000283329db110 JavaThread "Cache worker for kotlin-dsl (C:\Users\junio\.gradle\caches\8.0\kotlin-dsl)" [_thread_blocked, id=21176, stack(0x000000a1a8c00000,0x000000a1a8d00000)]
  0x00000283329d6410 JavaThread "jar transforms Thread 3" [_thread_blocked, id=22112, stack(0x000000a1a8d00000,0x000000a1a8e00000)]

Other Threads:
  0x000002832f1b9570 VMThread "VM Thread" [stack: 0x000000a1a5d00000,0x000000a1a5e00000] [id=13972]
  0x00000283153ccb80 WatcherThread [stack: 0x000000a1a6900000,0x000000a1a6a00000] [id=19564]
  0x00000283153b1760 GCTaskThread "GC Thread#0" [stack: 0x000000a1a5800000,0x000000a1a5900000] [id=20504]
  0x0000028330b21b20 GCTaskThread "GC Thread#1" [stack: 0x000000a1a6b00000,0x000000a1a6c00000] [id=24912]
  0x0000028330b21310 GCTaskThread "GC Thread#2" [stack: 0x000000a1a6c00000,0x000000a1a6d00000] [id=3336]
  0x0000028330b21870 GCTaskThread "GC Thread#3" [stack: 0x000000a1a6d00000,0x000000a1a6e00000] [id=1352]
  0x0000028330b21dd0 GCTaskThread "GC Thread#4" [stack: 0x000000a1a6e00000,0x000000a1a6f00000] [id=27424]
  0x0000028330b215c0 GCTaskThread "GC Thread#5" [stack: 0x000000a1a6f00000,0x000000a1a7000000] [id=22684]
  0x0000028330b225e0 GCTaskThread "GC Thread#6" [stack: 0x000000a1a7b00000,0x000000a1a7c00000] [id=28896]
  0x0000028330b22b40 GCTaskThread "GC Thread#7" [stack: 0x000000a1a7c00000,0x000000a1a7d00000] [id=20476]
  0x00000283153c26a0 ConcurrentGCThread "G1 Main Marker" [stack: 0x000000a1a5900000,0x000000a1a5a00000] [id=22808]
  0x00000283153c50d0 ConcurrentGCThread "G1 Conc#0" [stack: 0x000000a1a5a00000,0x000000a1a5b00000] [id=12712]
  0x000002833287c620 ConcurrentGCThread "G1 Conc#1" [stack: 0x000000a1a7d00000,0x000000a1a7e00000] [id=14940]
  0x000002831540e170 ConcurrentGCThread "G1 Refine#0" [stack: 0x000000a1a5b00000,0x000000a1a5c00000] [id=26308]
  0x0000028335565200 ConcurrentGCThread "G1 Refine#1" [stack: 0x000000a1a8b00000,0x000000a1a8c00000] [id=7376]
  0x000002831540eb90 ConcurrentGCThread "G1 Service" [stack: 0x000000a1a5c00000,0x000000a1a5d00000] [id=21440]

Threads with active compile tasks:
C2 CompilerThread0     5784 3950       4       org.objectweb.asm.Frame::execute (2318 bytes)
C1 CompilerThread0     5784 3955       3       sun.reflect.generics.reflectiveObjects.ParameterizedTypeImpl::make (11 bytes)
C2 CompilerThread2     5784 3923       4       java.security.CodeSource::<init> (52 bytes)

VM state: not at safepoint (normal execution)

VM Mutex/Monitor currently owned by a thread: None

Heap address: 0x0000000080000000, size: 2048 MB, Compressed Oops mode: 32-bit

CDS archive(s) not mapped
Compressed class space mapped at: 0x0000000100000000-0x0000000140000000, reserved size: 1073741824
Narrow klass base: 0x0000000000000000, Narrow klass shift: 3, Narrow klass range: 0x140000000

GC Precious Log:
 CPUs: 8 total, 8 available
 Memory: 16217M
 Large Page Support: Disabled
 NUMA Support: Disabled
 Compressed Oops: Enabled (32-bit)
 Heap Region Size: 1M
 Heap Min Capacity: 8M
 Heap Initial Capacity: 254M
 Heap Max Capacity: 2G
 Pre-touch: Disabled
 Parallel Workers: 8
 Concurrent Workers: 2
 Concurrent Refinement Workers: 8
 Periodic GC: Disabled

Heap:
 garbage-first heap   total 82944K, used 52124K [0x0000000080000000, 0x0000000100000000)
  region size 1024K, 26 young (26624K), 3 survivors (3072K)
 Metaspace       used 45154K, committed 45568K, reserved 1089536K
  class space    used 5890K, committed 6080K, reserved 1048576K

Heap Regions: E=young(eden), S=young(survivor), O=old, HS=humongous(starts), HC=humongous(continues), CS=collection set, F=free, OA=open archive, CA=closed archive, TAMS=top-at-mark-start (previous, next)
|   0|0x0000000080000000, 0x0000000080100000, 0x0000000080100000|100%|HS|  |TAMS 0x0000000080100000, 0x0000000080000000| Complete 
|   1|0x0000000080100000, 0x0000000080200000, 0x0000000080200000|100%|HC|  |TAMS 0x0000000080200000, 0x0000000080100000| Complete 
|   2|0x0000000080200000, 0x0000000080300000, 0x0000000080300000|100%|HC|  |TAMS 0x0000000080300000, 0x0000000080200000| Complete 
|   3|0x0000000080300000, 0x0000000080400000, 0x0000000080400000|100%|HC|  |TAMS 0x0000000080400000, 0x0000000080300000| Complete 
|   4|0x0000000080400000, 0x0000000080500000, 0x0000000080500000|100%| O|  |TAMS 0x0000000080500000, 0x0000000080400000| Untracked 
|   5|0x0000000080500000, 0x0000000080600000, 0x0000000080600000|100%| O|  |TAMS 0x0000000080600000, 0x0000000080500000| Untracked 
|   6|0x0000000080600000, 0x0000000080700000, 0x0000000080700000|100%| O|  |TAMS 0x0000000080700000, 0x0000000080600000| Untracked 
|   7|0x0000000080700000, 0x0000000080800000, 0x0000000080800000|100%| O|  |TAMS 0x0000000080800000, 0x0000000080700000| Untracked 
|   8|0x0000000080800000, 0x0000000080900000, 0x0000000080900000|100%| O|  |TAMS 0x0000000080900000, 0x0000000080800000| Untracked 
|   9|0x0000000080900000, 0x0000000080a00000, 0x0000000080a00000|100%| O|  |TAMS 0x0000000080a00000, 0x0000000080900000| Untracked 
|  10|0x0000000080a00000, 0x0000000080b00000, 0x0000000080b00000|100%| O|  |TAMS 0x0000000080b00000, 0x0000000080a00000| Untracked 
|  11|0x0000000080b00000, 0x0000000080ba2a00, 0x0000000080c00000| 63%| O|  |TAMS 0x0000000080ba2a00, 0x0000000080b00000| Untracked 
|  12|0x0000000080c00000, 0x0000000080d00000, 0x0000000080d00000|100%| O|  |TAMS 0x0000000080d00000, 0x0000000080c00000| Untracked 
|  13|0x0000000080d00000, 0x0000000080e00000, 0x0000000080e00000|100%| O|  |TAMS 0x0000000080e00000, 0x0000000080d00000| Untracked 
|  14|0x0000000080e00000, 0x0000000080f00000, 0x0000000080f00000|100%| O|  |TAMS 0x0000000080f00000, 0x0000000080e00000| Untracked 
|  15|0x0000000080f00000, 0x0000000081000000, 0x0000000081000000|100%| O|  |TAMS 0x0000000081000000, 0x0000000080f00000| Untracked 
|  16|0x0000000081000000, 0x0000000081100000, 0x0000000081100000|100%| O|  |TAMS 0x0000000081100000, 0x0000000081000000| Untracked 
|  17|0x0000000081100000, 0x0000000081200000, 0x0000000081200000|100%| O|  |TAMS 0x0000000081200000, 0x0000000081100000| Untracked 
|  18|0x0000000081200000, 0x0000000081300000, 0x0000000081300000|100%| O|  |TAMS 0x0000000081300000, 0x0000000081200000| Untracked 
|  19|0x0000000081300000, 0x0000000081400000, 0x0000000081400000|100%| O|  |TAMS 0x0000000081400000, 0x0000000081300000| Untracked 
|  20|0x0000000081400000, 0x0000000081500000, 0x0000000081500000|100%| O|  |TAMS 0x0000000081459000, 0x0000000081400000| Untracked 
|  21|0x0000000081500000, 0x0000000081600000, 0x0000000081600000|100%| O|  |TAMS 0x0000000081500000, 0x0000000081500000| Untracked 
|  22|0x0000000081600000, 0x0000000081700000, 0x0000000081700000|100%| O|  |TAMS 0x0000000081600000, 0x0000000081600000| Untracked 
|  23|0x0000000081700000, 0x0000000081800000, 0x0000000081800000|100%| O|  |TAMS 0x0000000081700000, 0x0000000081700000| Untracked 
|  24|0x0000000081800000, 0x0000000081900000, 0x0000000081900000|100%|HS|  |TAMS 0x0000000081800000, 0x0000000081800000| Complete 
|  25|0x0000000081900000, 0x0000000081900000, 0x0000000081a00000|  0%| F|  |TAMS 0x0000000081900000, 0x0000000081900000| Untracked 
|  26|0x0000000081a00000, 0x0000000081a00000, 0x0000000081b00000|  0%| F|  |TAMS 0x0000000081a00000, 0x0000000081a00000| Untracked 
|  27|0x0000000081b00000, 0x0000000081c00000, 0x0000000081c00000|100%| O|  |TAMS 0x0000000081b00000, 0x0000000081b00000| Untracked 
|  28|0x0000000081c00000, 0x0000000081d00000, 0x0000000081d00000|100%| O|  |TAMS 0x0000000081c00000, 0x0000000081c00000| Untracked 
|  29|0x0000000081d00000, 0x0000000081e00000, 0x0000000081e00000|100%| O|  |TAMS 0x0000000081d00000, 0x0000000081d00000| Untracked 
|  30|0x0000000081e00000, 0x0000000081e1ba00, 0x0000000081f00000| 10%| O|  |TAMS 0x0000000081e00000, 0x0000000081e00000| Untracked 
|  31|0x0000000081f00000, 0x0000000081f00000, 0x0000000082000000|  0%| F|  |TAMS 0x0000000081f00000, 0x0000000081f00000| Untracked 
|  32|0x0000000082000000, 0x0000000082000000, 0x0000000082100000|  0%| F|  |TAMS 0x0000000082000000, 0x0000000082000000| Untracked 
|  33|0x0000000082100000, 0x0000000082100000, 0x0000000082200000|  0%| F|  |TAMS 0x0000000082100000, 0x0000000082100000| Untracked 
|  34|0x0000000082200000, 0x0000000082200000, 0x0000000082300000|  0%| F|  |TAMS 0x0000000082200000, 0x0000000082200000| Untracked 
|  35|0x0000000082300000, 0x0000000082300000, 0x0000000082400000|  0%| F|  |TAMS 0x0000000082300000, 0x0000000082300000| Untracked 
|  36|0x0000000082400000, 0x0000000082400000, 0x0000000082500000|  0%| F|  |TAMS 0x0000000082400000, 0x0000000082400000| Untracked 
|  37|0x0000000082500000, 0x0000000082500000, 0x0000000082600000|  0%| F|  |TAMS 0x0000000082500000, 0x0000000082500000| Untracked 
|  38|0x0000000082600000, 0x0000000082600000, 0x0000000082700000|  0%| F|  |TAMS 0x0000000082600000, 0x0000000082600000| Untracked 
|  39|0x0000000082700000, 0x0000000082700000, 0x0000000082800000|  0%| F|  |TAMS 0x0000000082700000, 0x0000000082700000| Untracked 
|  40|0x0000000082800000, 0x0000000082800000, 0x0000000082900000|  0%| F|  |TAMS 0x0000000082800000, 0x0000000082800000| Untracked 
|  41|0x0000000082900000, 0x0000000082900000, 0x0000000082a00000|  0%| F|  |TAMS 0x0000000082900000, 0x0000000082900000| Untracked 
|  42|0x0000000082a00000, 0x0000000082a28c70, 0x0000000082b00000| 15%| S|CS|TAMS 0x0000000082a00000, 0x0000000082a00000| Complete 
|  43|0x0000000082b00000, 0x0000000082c00000, 0x0000000082c00000|100%| S|CS|TAMS 0x0000000082b00000, 0x0000000082b00000| Complete 
|  44|0x0000000082c00000, 0x0000000082d00000, 0x0000000082d00000|100%| S|CS|TAMS 0x0000000082c00000, 0x0000000082c00000| Complete 
|  45|0x0000000082d00000, 0x0000000082d00000, 0x0000000082e00000|  0%| F|  |TAMS 0x0000000082d00000, 0x0000000082d00000| Untracked 
|  46|0x0000000082e00000, 0x0000000082e00000, 0x0000000082f00000|  0%| F|  |TAMS 0x0000000082e00000, 0x0000000082e00000| Untracked 
|  47|0x0000000082f00000, 0x0000000082f00000, 0x0000000083000000|  0%| F|  |TAMS 0x0000000082f00000, 0x0000000082f00000| Untracked 
|  48|0x0000000083000000, 0x0000000083000000, 0x0000000083100000|  0%| F|  |TAMS 0x0000000083000000, 0x0000000083000000| Untracked 
|  49|0x0000000083100000, 0x0000000083100000, 0x0000000083200000|  0%| F|  |TAMS 0x0000000083100000, 0x0000000083100000| Untracked 
|  50|0x0000000083200000, 0x0000000083200000, 0x0000000083300000|  0%| F|  |TAMS 0x0000000083200000, 0x0000000083200000| Untracked 
|  51|0x0000000083300000, 0x0000000083300000, 0x0000000083400000|  0%| F|  |TAMS 0x0000000083300000, 0x0000000083300000| Untracked 
|  52|0x0000000083400000, 0x0000000083400000, 0x0000000083500000|  0%| F|  |TAMS 0x0000000083400000, 0x0000000083400000| Untracked 
|  53|0x0000000083500000, 0x0000000083500000, 0x0000000083600000|  0%| F|  |TAMS 0x0000000083500000, 0x0000000083500000| Untracked 
|  54|0x0000000083600000, 0x0000000083600000, 0x0000000083700000|  0%| F|  |TAMS 0x0000000083600000, 0x0000000083600000| Untracked 
|  55|0x0000000083700000, 0x0000000083700000, 0x0000000083800000|  0%| F|  |TAMS 0x0000000083700000, 0x0000000083700000| Untracked 
|  56|0x0000000083800000, 0x0000000083800000, 0x0000000083900000|  0%| F|  |TAMS 0x0000000083800000, 0x0000000083800000| Untracked 
|  57|0x0000000083900000, 0x0000000083900000, 0x0000000083a00000|  0%| F|  |TAMS 0x0000000083900000, 0x0000000083900000| Untracked 
|  58|0x0000000083a00000, 0x0000000083b00000, 0x0000000083b00000|100%| E|  |TAMS 0x0000000083a00000, 0x0000000083a00000| Complete 
|  59|0x0000000083b00000, 0x0000000083c00000, 0x0000000083c00000|100%| E|CS|TAMS 0x0000000083b00000, 0x0000000083b00000| Complete 
|  60|0x0000000083c00000, 0x0000000083d00000, 0x0000000083d00000|100%| E|CS|TAMS 0x0000000083c00000, 0x0000000083c00000| Complete 
|  61|0x0000000083d00000, 0x0000000083e00000, 0x0000000083e00000|100%| E|CS|TAMS 0x0000000083d00000, 0x0000000083d00000| Complete 
|  62|0x0000000083e00000, 0x0000000083f00000, 0x0000000083f00000|100%| E|CS|TAMS 0x0000000083e00000, 0x0000000083e00000| Complete 
|  63|0x0000000083f00000, 0x0000000084000000, 0x0000000084000000|100%| E|CS|TAMS 0x0000000083f00000, 0x0000000083f00000| Complete 
|  64|0x0000000084000000, 0x0000000084100000, 0x0000000084100000|100%| E|CS|TAMS 0x0000000084000000, 0x0000000084000000| Complete 
|  65|0x0000000084100000, 0x0000000084200000, 0x0000000084200000|100%| E|CS|TAMS 0x0000000084100000, 0x0000000084100000| Complete 
|  66|0x0000000084200000, 0x0000000084300000, 0x0000000084300000|100%| E|  |TAMS 0x0000000084200000, 0x0000000084200000| Complete 
|  67|0x0000000084300000, 0x0000000084400000, 0x0000000084400000|100%| E|CS|TAMS 0x0000000084300000, 0x0000000084300000| Complete 
|  68|0x0000000084400000, 0x0000000084500000, 0x0000000084500000|100%| E|CS|TAMS 0x0000000084400000, 0x0000000084400000| Complete 
|  69|0x0000000084500000, 0x0000000084600000, 0x0000000084600000|100%| E|CS|TAMS 0x0000000084500000, 0x0000000084500000| Complete 
|  70|0x0000000084600000, 0x0000000084700000, 0x0000000084700000|100%| E|CS|TAMS 0x0000000084600000, 0x0000000084600000| Complete 
|  71|0x0000000084700000, 0x0000000084800000, 0x0000000084800000|100%| E|CS|TAMS 0x0000000084700000, 0x0000000084700000| Complete 
| 204|0x000000008cc00000, 0x000000008cd00000, 0x000000008cd00000|100%| E|CS|TAMS 0x000000008cc00000, 0x000000008cc00000| Complete 
| 205|0x000000008cd00000, 0x000000008ce00000, 0x000000008ce00000|100%| E|CS|TAMS 0x000000008cd00000, 0x000000008cd00000| Complete 
| 206|0x000000008ce00000, 0x000000008cf00000, 0x000000008cf00000|100%| E|CS|TAMS 0x000000008ce00000, 0x000000008ce00000| Complete 
| 207|0x000000008cf00000, 0x000000008d000000, 0x000000008d000000|100%| E|CS|TAMS 0x000000008cf00000, 0x000000008cf00000| Complete 
| 208|0x000000008d000000, 0x000000008d100000, 0x000000008d100000|100%| E|CS|TAMS 0x000000008d000000, 0x000000008d000000| Complete 
| 209|0x000000008d100000, 0x000000008d200000, 0x000000008d200000|100%| E|CS|TAMS 0x000000008d100000, 0x000000008d100000| Complete 
| 210|0x000000008d200000, 0x000000008d300000, 0x000000008d300000|100%| E|CS|TAMS 0x000000008d200000, 0x000000008d200000| Complete 
| 211|0x000000008d300000, 0x000000008d400000, 0x000000008d400000|100%| E|CS|TAMS 0x000000008d300000, 0x000000008d300000| Complete 
| 253|0x000000008fd00000, 0x000000008fe00000, 0x000000008fe00000|100%| E|CS|TAMS 0x000000008fd00000, 0x000000008fd00000| Complete 

Card table byte_map: [0x0000028327f40000,0x0000028328340000] _byte_map_base: 0x0000028327b40000

Marking Bits (Prev, Next): (CMBitMap*) 0x00000283153b1d70, (CMBitMap*) 0x00000283153b1db0
 Prev Bits: [0x0000028328740000, 0x000002832a740000)
 Next Bits: [0x000002832a740000, 0x000002832c740000)

Polling page: 0x00000283132e0000

Metaspace:

Usage:
  Non-class:     38.35 MB used.
      Class:      5.75 MB used.
       Both:     44.10 MB used.

Virtual space:
  Non-class space:       40.00 MB reserved,      38.56 MB ( 96%) committed,  5 nodes.
      Class space:        1.00 GB reserved,       5.94 MB ( <1%) committed,  1 nodes.
             Both:        1.04 GB reserved,      44.50 MB (  4%) committed. 

Chunk freelists:
   Non-Class:  928.00 KB
       Class:  2.01 MB
        Both:  2.90 MB

MaxMetaspaceSize: unlimited
CompressedClassSpaceSize: 1.00 GB
Initial GC threshold: 21.00 MB
Current GC threshold: 58.75 MB
CDS: off
MetaspaceReclaimPolicy: balanced
 - commit_granule_bytes: 65536.
 - commit_granule_words: 8192.
 - virtual_space_node_default_size: 1048576.
 - enlarge_chunks_in_place: 1.
 - new_chunks_are_fully_committed: 0.
 - uncommit_free_chunks: 1.
 - use_allocation_guard: 0.
 - handle_deallocations: 1.


Internal statistics:

num_allocs_failed_limit: 6.
num_arena_births: 464.
num_arena_deaths: 0.
num_vsnodes_births: 6.
num_vsnodes_deaths: 0.
num_space_committed: 712.
num_space_uncommitted: 0.
num_chunks_returned_to_freelist: 6.
num_chunks_taken_from_freelist: 1770.
num_chunk_merges: 6.
num_chunk_splits: 1195.
num_chunks_enlarged: 849.
num_purges: 0.
num_inconsistent_stats: 0.

CodeHeap 'non-profiled nmethods': size=120000Kb used=2396Kb max_used=2396Kb free=117603Kb
 bounds [0x00000283202e0000, 0x0000028320550000, 0x0000028327810000]
CodeHeap 'profiled nmethods': size=120000Kb used=8067Kb max_used=8067Kb free=111932Kb
 bounds [0x0000028318810000, 0x0000028319000000, 0x000002831fd40000]
CodeHeap 'non-nmethods': size=5760Kb used=2288Kb max_used=2434Kb free=3471Kb
 bounds [0x000002831fd40000, 0x000002831ffb0000, 0x00000283202e0000]
 total_blobs=4749 nmethods=3952 adapters=709
 compilation: enabled
              stopped_count=0, restarted_count=0
 full_count=0

Compilation events (20 events):
Event: 5.717 Thread 0x000002832fca53f0 nmethod 3948 0x0000028318fedd10 code [0x0000028318fedec0, 0x0000028318fee158]
Event: 5.717 Thread 0x000002832fca53f0 3944       3       org.gradle.internal.instantiation.generator.AbstractClassGenerator$PropertyMetadata::isReadableWithoutSetterOfPropertyType (36 bytes)
Event: 5.718 Thread 0x000002832fca53f0 nmethod 3944 0x0000028318fee290 code [0x0000028318fee4e0, 0x0000028318feef38]
Event: 5.718 Thread 0x000002832fca53f0 3949       1       com.google.common.collect.AbstractMapBasedMultimap::access$000 (5 bytes)
Event: 5.723 Thread 0x000002832fca53f0 nmethod 3949 0x0000028320530990 code [0x0000028320530b20, 0x0000028320530bd8]
Event: 5.723 Thread 0x000002832fca53f0 3945       3       java.util.stream.ReferencePipeline::noneMatch (18 bytes)
Event: 5.723 Thread 0x000002832fca53f0 nmethod 3945 0x0000028318fef290 code [0x0000028318fef440, 0x0000028318fef6d8]
Event: 5.723 Thread 0x000002832fca53f0 3951       1       com.google.common.collect.SingletonImmutableList::size (2 bytes)
Event: 5.723 Thread 0x000002832fca53f0 nmethod 3951 0x0000028320530c90 code [0x0000028320530e20, 0x0000028320530ef8]
Event: 5.723 Thread 0x000002832fca53f0 3946       1       org.gradle.internal.instantiation.generator.AsmBackedClassGenerator$ClassBuilderImpl::access$3400 (5 bytes)
Event: 5.723 Thread 0x000002832fca53f0 nmethod 3946 0x0000028320530f90 code [0x0000028320531120, 0x00000283205311d8]
Event: 5.741 Thread 0x000002832fc91dd0 nmethod 3941 0x0000028320531290 code [0x00000283205314a0, 0x0000028320532430]
Event: 5.741 Thread 0x000002832fc91dd0 3950       4       org.objectweb.asm.Frame::execute (2318 bytes)
Event: 5.746 Thread 0x000002832fca53f0 3952       3       java.util.TreeMap::rotateLeft (96 bytes)
Event: 5.746 Thread 0x000002832fca53f0 nmethod 3952 0x0000028318fef810 code [0x0000028318fef9e0, 0x0000028318feff18]
Event: 5.748 Thread 0x000002832fca2150 nmethod 3942 0x0000028320532d90 code [0x0000028320532fa0, 0x0000028320533da0]
Event: 5.752 Thread 0x000002832fca53f0 3953       3       org.gradle.internal.reflect.MutableClassDetails::field (49 bytes)
Event: 5.752 Thread 0x000002832fca53f0 nmethod 3953 0x0000028318ff0090 code [0x0000028318ff02a0, 0x0000028318ff0a28]
Event: 5.753 Thread 0x000002832fca2150 3954       4       java.lang.String::compareTo (9 bytes)
Event: 5.754 Thread 0x000002832fca53f0 3955       3       sun.reflect.generics.reflectiveObjects.ParameterizedTypeImpl::make (11 bytes)

GC Heap History (18 events):
Event: 0.854 GC heap before
{Heap before GC invocations=0 (full 0):
 garbage-first heap   total 260096K, used 26624K [0x0000000080000000, 0x0000000100000000)
  region size 1024K, 23 young (23552K), 0 survivors (0K)
 Metaspace       used 10250K, committed 10432K, reserved 1064960K
  class space    used 1058K, committed 1152K, reserved 1048576K
}
Event: 0.859 GC heap after
{Heap after GC invocations=1 (full 0):
 garbage-first heap   total 260096K, used 10115K [0x0000000080000000, 0x0000000100000000)
  region size 1024K, 3 young (3072K), 3 survivors (3072K)
 Metaspace       used 10250K, committed 10432K, reserved 1064960K
  class space    used 1058K, committed 1152K, reserved 1048576K
}
Event: 1.334 GC heap before
{Heap before GC invocations=1 (full 0):
 garbage-first heap   total 260096K, used 39811K [0x0000000080000000, 0x0000000100000000)
  region size 1024K, 32 young (32768K), 3 survivors (3072K)
 Metaspace       used 11203K, committed 11456K, reserved 1064960K
  class space    used 1162K, committed 1280K, reserved 1048576K
}
Event: 1.337 GC heap after
{Heap after GC invocations=2 (full 0):
 garbage-first heap   total 260096K, used 14986K [0x0000000080000000, 0x0000000100000000)
  region size 1024K, 4 young (4096K), 4 survivors (4096K)
 Metaspace       used 11203K, committed 11456K, reserved 1064960K
  class space    used 1162K, committed 1280K, reserved 1048576K
}
Event: 2.309 GC heap before
{Heap before GC invocations=2 (full 0):
 garbage-first heap   total 260096K, used 52874K [0x0000000080000000, 0x0000000100000000)
  region size 1024K, 42 young (43008K), 4 survivors (4096K)
 Metaspace       used 21232K, committed 21504K, reserved 1073152K
  class space    used 2585K, committed 2752K, reserved 1048576K
}
Event: 2.313 GC heap after
{Heap after GC invocations=3 (full 0):
 garbage-first heap   total 260096K, used 18883K [0x0000000080000000, 0x0000000100000000)
  region size 1024K, 8 young (8192K), 8 survivors (8192K)
 Metaspace       used 21232K, committed 21504K, reserved 1073152K
  class space    used 2585K, committed 2752K, reserved 1048576K
}
Event: 2.851 GC heap before
{Heap before GC invocations=4 (full 0):
 garbage-first heap   total 68608K, used 51651K [0x0000000080000000, 0x0000000100000000)
  region size 1024K, 40 young (40960K), 8 survivors (8192K)
 Metaspace       used 26327K, committed 26624K, reserved 1073152K
  class space    used 3473K, committed 3584K, reserved 1048576K
}
Event: 2.859 GC heap after
{Heap after GC invocations=5 (full 0):
 garbage-first heap   total 68608K, used 20995K [0x0000000080000000, 0x0000000100000000)
  region size 1024K, 3 young (3072K), 3 survivors (3072K)
 Metaspace       used 26327K, committed 26624K, reserved 1073152K
  class space    used 3473K, committed 3584K, reserved 1048576K
}
Event: 3.424 GC heap before
{Heap before GC invocations=5 (full 0):
 garbage-first heap   total 68608K, used 45571K [0x0000000080000000, 0x0000000100000000)
  region size 1024K, 28 young (28672K), 3 survivors (3072K)
 Metaspace       used 30315K, committed 30592K, reserved 1081344K
  class space    used 4119K, committed 4224K, reserved 1048576K
}
Event: 3.427 GC heap after
{Heap after GC invocations=6 (full 0):
 garbage-first heap   total 68608K, used 22230K [0x0000000080000000, 0x0000000100000000)
  region size 1024K, 4 young (4096K), 4 survivors (4096K)
 Metaspace       used 30315K, committed 30592K, reserved 1081344K
  class space    used 4119K, committed 4224K, reserved 1048576K
}
Event: 4.022 GC heap before
{Heap before GC invocations=6 (full 0):
 garbage-first heap   total 68608K, used 48854K [0x0000000080000000, 0x0000000100000000)
  region size 1024K, 30 young (30720K), 4 survivors (4096K)
 Metaspace       used 34823K, committed 35200K, reserved 1081344K
  class space    used 4829K, committed 4992K, reserved 1048576K
}
Event: 4.028 GC heap after
{Heap after GC invocations=7 (full 0):
 garbage-first heap   total 68608K, used 23787K [0x0000000080000000, 0x0000000100000000)
  region size 1024K, 4 young (4096K), 4 survivors (4096K)
 Metaspace       used 34823K, committed 35200K, reserved 1081344K
  class space    used 4829K, committed 4992K, reserved 1048576K
}
Event: 4.121 GC heap before
{Heap before GC invocations=7 (full 0):
 garbage-first heap   total 68608K, used 25835K [0x0000000080000000, 0x0000000100000000)
  region size 1024K, 8 young (8192K), 4 survivors (4096K)
 Metaspace       used 35609K, committed 35968K, reserved 1081344K
  class space    used 4877K, committed 5056K, reserved 1048576K
}
Event: 4.126 GC heap after
{Heap after GC invocations=8 (full 0):
 garbage-first heap   total 68608K, used 24477K [0x0000000080000000, 0x0000000100000000)
  region size 1024K, 3 young (3072K), 3 survivors (3072K)
 Metaspace       used 35609K, committed 35968K, reserved 1081344K
  class space    used 4877K, committed 5056K, reserved 1048576K
}
Event: 4.648 GC heap before
{Heap before GC invocations=9 (full 0):
 garbage-first heap   total 68608K, used 49053K [0x0000000080000000, 0x0000000100000000)
  region size 1024K, 28 young (28672K), 3 survivors (3072K)
 Metaspace       used 40414K, committed 40768K, reserved 1089536K
  class space    used 5362K, committed 5504K, reserved 1048576K
}
Event: 4.654 GC heap after
{Heap after GC invocations=10 (full 0):
 garbage-first heap   total 68608K, used 28269K [0x0000000080000000, 0x0000000100000000)
  region size 1024K, 4 young (4096K), 4 survivors (4096K)
 Metaspace       used 40414K, committed 40768K, reserved 1089536K
  class space    used 5362K, committed 5504K, reserved 1048576K
}
Event: 5.150 GC heap before
{Heap before GC invocations=10 (full 0):
 garbage-first heap   total 68608K, used 53869K [0x0000000080000000, 0x0000000100000000)
  region size 1024K, 26 young (26624K), 4 survivors (4096K)
 Metaspace       used 42974K, committed 43456K, reserved 1089536K
  class space    used 5645K, committed 5888K, reserved 1048576K
}
Event: 5.158 GC heap after
{Heap after GC invocations=11 (full 0):
 garbage-first heap   total 82944K, used 29596K [0x0000000080000000, 0x0000000100000000)
  region size 1024K, 3 young (3072K), 3 survivors (3072K)
 Metaspace       used 42974K, committed 43456K, reserved 1089536K
  class space    used 5645K, committed 5888K, reserved 1048576K
}

Dll operation events (2 events):
Event: 0.055 Loaded shared library D:\Program Files\Android\Android Studio\jbr\bin\java.dll
Event: 0.530 Loaded shared library D:\Program Files\Android\Android Studio\jbr\bin\verify.dll

Deoptimization events (20 events):
Event: 5.390 Thread 0x0000028331010df0 Uncommon trap: trap_request=0xffffffc6 fr.pc=0x0000028320515d9c relative=0x000000000000041c
Event: 5.390 Thread 0x0000028331010df0 Uncommon trap: reason=bimorphic_or_optimized_type_check action=maybe_recompile pc=0x0000028320515d9c method=java.util.stream.ReferencePipeline.forEachWithCancel(Ljava/util/Spliterator;Ljava/util/stream/Sink;)Z @ 1 c2
Event: 5.390 Thread 0x0000028331010df0 DEOPT PACKING pc=0x0000028320515d9c sp=0x000000a1a77f8490
Event: 5.390 Thread 0x0000028331010df0 DEOPT UNPACKING pc=0x000002831fd969a3 sp=0x000000a1a77f82d0 mode 2
Event: 5.392 Thread 0x0000028331010df0 Uncommon trap: trap_request=0xffffffc6 fr.pc=0x0000028320515d9c relative=0x000000000000041c
Event: 5.392 Thread 0x0000028331010df0 Uncommon trap: reason=bimorphic_or_optimized_type_check action=maybe_recompile pc=0x0000028320515d9c method=java.util.stream.ReferencePipeline.forEachWithCancel(Ljava/util/Spliterator;Ljava/util/stream/Sink;)Z @ 1 c2
Event: 5.392 Thread 0x0000028331010df0 DEOPT PACKING pc=0x0000028320515d9c sp=0x000000a1a77f8490
Event: 5.392 Thread 0x0000028331010df0 DEOPT UNPACKING pc=0x000002831fd969a3 sp=0x000000a1a77f82d0 mode 2
Event: 5.396 Thread 0x0000028331010df0 Uncommon trap: trap_request=0xffffffc6 fr.pc=0x0000028320515d9c relative=0x000000000000041c
Event: 5.396 Thread 0x0000028331010df0 Uncommon trap: reason=bimorphic_or_optimized_type_check action=maybe_recompile pc=0x0000028320515d9c method=java.util.stream.ReferencePipeline.forEachWithCancel(Ljava/util/Spliterator;Ljava/util/stream/Sink;)Z @ 1 c2
Event: 5.397 Thread 0x0000028331010df0 DEOPT PACKING pc=0x0000028320515d9c sp=0x000000a1a77f8110
Event: 5.397 Thread 0x0000028331010df0 DEOPT UNPACKING pc=0x000002831fd969a3 sp=0x000000a1a77f7f50 mode 2
Event: 5.463 Thread 0x0000028331010df0 Uncommon trap: trap_request=0xffffffc6 fr.pc=0x0000028320515d9c relative=0x000000000000041c
Event: 5.463 Thread 0x0000028331010df0 Uncommon trap: reason=bimorphic_or_optimized_type_check action=maybe_recompile pc=0x0000028320515d9c method=java.util.stream.ReferencePipeline.forEachWithCancel(Ljava/util/Spliterator;Ljava/util/stream/Sink;)Z @ 1 c2
Event: 5.463 Thread 0x0000028331010df0 DEOPT PACKING pc=0x0000028320515d9c sp=0x000000a1a77f7db0
Event: 5.463 Thread 0x0000028331010df0 DEOPT UNPACKING pc=0x000002831fd969a3 sp=0x000000a1a77f7bf0 mode 2
Event: 5.661 Thread 0x0000028331010df0 Uncommon trap: trap_request=0xffffff76 fr.pc=0x0000028320516a64 relative=0x00000000000001c4
Event: 5.661 Thread 0x0000028331010df0 Uncommon trap: reason=predicate action=maybe_recompile pc=0x0000028320516a64 method=java.util.LinkedHashMap.keysToArray([Ljava/lang/Object;)[Ljava/lang/Object; @ 12 c2
Event: 5.661 Thread 0x0000028331010df0 DEOPT PACKING pc=0x0000028320516a64 sp=0x000000a1a77f6570
Event: 5.661 Thread 0x0000028331010df0 DEOPT UNPACKING pc=0x000002831fd969a3 sp=0x000000a1a77f6528 mode 2

Classes unloaded (0 events):
No events

Classes redefined (0 events):
No events

Internal exceptions (20 events):
Event: 4.993 Thread 0x0000028331010df0 Exception <a 'java/lang/ClassNotFoundException'{0x000000008326a518}: org/gradle/configuration/internal/DefaultListenerBuildOperationDecorator$BuildOperationEmittingClosureBeanInfo> (0x000000008326a518) 
thrown [s\src\hotspot\share\classfile\systemDictionary.cpp, line 256]
Event: 4.994 Thread 0x0000028331010df0 Exception <a 'java/lang/ClassNotFoundException'{0x0000000083279420}: org/gradle/configuration/internal/DefaultListenerBuildOperationDecorator$BuildOperationEmittingClosureCustomizer> (0x0000000083279420) 
thrown [s\src\hotspot\share\classfile\systemDictionary.cpp, line 256]
Event: 5.018 Thread 0x0000028331010df0 Exception <a 'java/lang/NoSuchMethodError'{0x00000000831935d0}: 'java.lang.Object java.lang.invoke.DirectMethodHandle$Holder.newInvokeSpecial(java.lang.Object, java.lang.Object, int, int)'> (0x00000000831935d0) 
thrown [s\src\hotspot\share\interpreter\linkResolver.cpp, line 771]
Event: 5.059 Thread 0x0000028331010df0 Exception <a 'java/lang/NoSuchMethodError'{0x00000000830c29d8}: 'java.lang.Object java.lang.invoke.DirectMethodHandle$Holder.invokeSpecial(java.lang.Object, java.lang.Object, java.lang.Object, java.lang.Object, java.lang.Object, java.lang.Object, java.lang.Object, java.lang.Object, java.lang.Object, java.lang.Object)'> (0x00000000830c29d8) 
thrown [s\src\hotspot\share\interpreter\linkResolver.cpp, line 771]
Event: 5.059 Thread 0x0000028331010df0 Exception <a 'java/lang/NoSuchMethodError'{0x00000000830cba10}: 'java.lang.Object java.lang.invoke.Invokers$Holder.invoker(java.lang.Object, java.lang.Object, java.lang.Object, java.lang.Object, java.lang.Object, java.lang.Object, java.lang.Object, java.lang.Object, java.lang.Object)'> (0x00000000830cba10) 
thrown [s\src\hotspot\share\interpreter\linkResolver.cpp, line 771]
Event: 5.073 Thread 0x0000028331010df0 Exception <a 'java/lang/NoSuchMethodError'{0x0000000082f6df08}: 'java.lang.Object java.lang.invoke.Invokers$Holder.invoker(java.lang.Object, java.lang.Object, java.lang.Object, java.lang.Object)'> (0x0000000082f6df08) 
thrown [s\src\hotspot\share\interpreter\linkResolver.cpp, line 771]
Event: 5.096 Thread 0x0000028331010df0 Exception <a 'java/lang/NoSuchMethodError'{0x0000000082e0c398}: 'java.lang.Object java.lang.invoke.DelegatingMethodHandle$Holder.reinvoke_L(java.lang.Object, java.lang.Object, java.lang.Object, java.lang.Object, java.lang.Object, java.lang.Object, java.lang.Object, java.lang.Object, java.lang.Object, java.lang.Object, java.lang.Object, java.lang.Object, java.lang.Object, java.lang.Object, java.lang.Object, java.lang.Object, java.lang.Object, java.lang.Object, java.lang.Object, java.lang.Object, java.lang.O
Event: 5.098 Thread 0x0000028331010df0 Exception <a 'java/lang/NoSuchMethodError'{0x0000000082e17b68}: 'java.lang.Object java.lang.invoke.Invokers$Holder.invoker(java.lang.Object, java.lang.Object, java.lang.Object, java.lang.Object, java.lang.Object, java.lang.Object, java.lang.Object, java.lang.Object, java.lang.Object, java.lang.Object, java.lang.Object, java.lang.Object, java.lang.Object, java.lang.Object, java.lang.Object, java.lang.Object, java.lang.Object, java.lang.Object, java.lang.Object, java.lang.Object, java.lang.Object)'> (0x00000
Event: 5.098 Thread 0x0000028331010df0 Exception <a 'java/lang/NoSuchMethodError'{0x0000000082e1e520}: 'java.lang.Object java.lang.invoke.DelegatingMethodHandle$Holder.delegate(java.lang.Object, java.lang.Object, java.lang.Object, java.lang.Object, java.lang.Object, java.lang.Object, java.lang.Object, java.lang.Object, java.lang.Object, java.lang.Object, java.lang.Object, java.lang.Object, java.lang.Object, java.lang.Object, java.lang.Object, java.lang.Object, java.lang.Object, java.lang.Object, java.lang.Object, java.lang.Object, java.lang.Obj
Event: 5.106 Thread 0x0000028331010df0 Exception <a 'java/lang/NoSuchMethodError'{0x0000000082ea0ad8}: 'java.lang.Object java.lang.invoke.DirectMethodHandle$Holder.invokeStatic(java.lang.Object, java.lang.Object, java.lang.Object, java.lang.Object, java.lang.Object, java.lang.Object, java.lang.Object, java.lang.Object, java.lang.Object, java.lang.Object, java.lang.Object, java.lang.Object, java.lang.Object, java.lang.Object, java.lang.Object, java.lang.Object, java.lang.Object)'> (0x0000000082ea0ad8) 
thrown [s\src\hotspot\share\interpreter\lin
Event: 5.108 Thread 0x0000028331010df0 Exception <a 'java/lang/NoSuchMethodError'{0x0000000082ec8450}: 'java.lang.Object java.lang.invoke.DirectMethodHandle$Holder.invokeStatic(java.lang.Object, java.lang.Object, java.lang.Object, java.lang.Object, java.lang.Object, java.lang.Object, java.lang.Object, java.lang.Object, java.lang.Object, java.lang.Object, java.lang.Object, java.lang.Object, java.lang.Object, java.lang.Object, java.lang.Object, java.lang.Object, java.lang.Object, java.lang.Object)'> (0x0000000082ec8450) 
thrown [s\src\hotspot\sha
Event: 5.111 Thread 0x0000028331010df0 Exception <a 'java/lang/NoSuchMethodError'{0x0000000082ef0a80}: 'java.lang.Object java.lang.invoke.DirectMethodHandle$Holder.invokeStatic(java.lang.Object, java.lang.Object, java.lang.Object, java.lang.Object, java.lang.Object, java.lang.Object, java.lang.Object, java.lang.Object, java.lang.Object, java.lang.Object, java.lang.Object, java.lang.Object, java.lang.Object, java.lang.Object, java.lang.Object, java.lang.Object, java.lang.Object, java.lang.Object, java.lang.Object)'> (0x0000000082ef0a80) 
thrown 
Event: 5.116 Thread 0x0000028331010df0 Exception <a 'java/lang/NoSuchMethodError'{0x0000000082d1a500}: 'java.lang.Object java.lang.invoke.DirectMethodHandle$Holder.invokeStatic(java.lang.Object, java.lang.Object, java.lang.Object, java.lang.Object, java.lang.Object, java.lang.Object, java.lang.Object, java.lang.Object, java.lang.Object, java.lang.Object, java.lang.Object, java.lang.Object, java.lang.Object, java.lang.Object, java.lang.Object, java.lang.Object, java.lang.Object, java.lang.Object, java.lang.Object, java.lang.Object)'> (0x00000000
Event: 5.121 Thread 0x0000028331010df0 Exception <a 'java/lang/NoSuchMethodError'{0x0000000082d44bf8}: 'java.lang.Object java.lang.invoke.DirectMethodHandle$Holder.invokeStatic(java.lang.Object, java.lang.Object, java.lang.Object, java.lang.Object, java.lang.Object, java.lang.Object, java.lang.Object, java.lang.Object, java.lang.Object, java.lang.Object, java.lang.Object, java.lang.Object, java.lang.Object, java.lang.Object, java.lang.Object, java.lang.Object, java.lang.Object, java.lang.Object, java.lang.Object, java.lang.Object, java.lang.Obj
Event: 5.124 Thread 0x0000028331010df0 Exception <a 'java/lang/NoSuchMethodError'{0x0000000082d6fea8}: 'java.lang.Object java.lang.invoke.DirectMethodHandle$Holder.invokeStatic(java.lang.Object, java.lang.Object, java.lang.Object, java.lang.Object, java.lang.Object, java.lang.Object, java.lang.Object, java.lang.Object, java.lang.Object, java.lang.Object, java.lang.Object, java.lang.Object, java.lang.Object, java.lang.Object, java.lang.Object, java.lang.Object, java.lang.Object, java.lang.Object, java.lang.Object, java.lang.Object, java.lang.Obj
Event: 5.128 Thread 0x0000028331010df0 Exception <a 'java/lang/NoSuchMethodError'{0x0000000082d9c9a0}: 'java.lang.Object java.lang.invoke.DirectMethodHandle$Holder.invokeStatic(java.lang.Object, java.lang.Object, java.lang.Object, java.lang.Object, java.lang.Object, java.lang.Object, java.lang.Object, java.lang.Object, java.lang.Object, java.lang.Object, java.lang.Object, java.lang.Object, java.lang.Object, java.lang.Object, java.lang.Object, java.lang.Object, java.lang.Object, java.lang.Object, java.lang.Object, java.lang.Object, java.lang.Obj
Event: 5.133 Thread 0x0000028331010df0 Exception <a 'java/lang/NoSuchMethodError'{0x0000000082dcafa8}: 'java.lang.Object java.lang.invoke.DirectMethodHandle$Holder.invokeStatic(java.lang.Object, java.lang.Object, java.lang.Object, java.lang.Object, java.lang.Object, java.lang.Object, java.lang.Object, java.lang.Object, java.lang.Object, java.lang.Object, java.lang.Object, java.lang.Object, java.lang.Object, java.lang.Object, java.lang.Object, java.lang.Object, java.lang.Object, java.lang.Object, java.lang.Object, java.lang.Object, java.lang.Obj
Event: 5.377 Thread 0x0000028331010df0 Exception <a 'java/lang/IncompatibleClassChangeError'{0x00000000845fddc8}: Found class java.lang.Object, but interface was expected> (0x00000000845fddc8) 
thrown [s\src\hotspot\share\interpreter\linkResolver.cpp, line 838]
Event: 5.618 Thread 0x0000028331010df0 Exception <a 'java/lang/IncompatibleClassChangeError'{0x0000000084091068}: Found class java.lang.Object, but interface was expected> (0x0000000084091068) 
thrown [s\src\hotspot\share\interpreter\linkResolver.cpp, line 838]
Event: 5.660 Thread 0x0000028331010df0 Exception <a 'java/lang/NoSuchMethodError'{0x0000000083e15b70}: 'int java.lang.invoke.DirectMethodHandle$Holder.invokeStaticInit(java.lang.Object, java.lang.Object, java.lang.Object, java.lang.Object, java.lang.Object)'> (0x0000000083e15b70) 
thrown [s\src\hotspot\share\interpreter\linkResolver.cpp, line 771]

VM Operations (20 events):
Event: 4.464 Executing VM operation: HandshakeAllThreads
Event: 4.464 Executing VM operation: HandshakeAllThreads done
Event: 4.469 Executing VM operation: HandshakeAllThreads
Event: 4.469 Executing VM operation: HandshakeAllThreads done
Event: 4.479 Executing VM operation: HandshakeAllThreads
Event: 4.479 Executing VM operation: HandshakeAllThreads done
Event: 4.565 Executing VM operation: HandshakeAllThreads
Event: 4.565 Executing VM operation: HandshakeAllThreads done
Event: 4.647 Executing VM operation: G1CollectForAllocation
Event: 4.655 Executing VM operation: G1CollectForAllocation done
Event: 5.072 Executing VM operation: ICBufferFull
Event: 5.072 Executing VM operation: ICBufferFull done
Event: 5.150 Executing VM operation: G1CollectForAllocation
Event: 5.158 Executing VM operation: G1CollectForAllocation done
Event: 5.380 Executing VM operation: HandshakeAllThreads
Event: 5.380 Executing VM operation: HandshakeAllThreads done
Event: 5.538 Executing VM operation: HandshakeAllThreads
Event: 5.538 Executing VM operation: HandshakeAllThreads done
Event: 5.625 Executing VM operation: HandshakeAllThreads
Event: 5.625 Executing VM operation: HandshakeAllThreads done

Events (20 events):
Event: 5.115 loading class java/lang/invoke/BoundMethodHandle$Species_LLLLLLLLLLLLLLLLL done
Event: 5.118 loading class java/lang/invoke/BoundMethodHandle$Species_LLLLLLLLLLLLLLLLLL
Event: 5.118 loading class java/lang/invoke/BoundMethodHandle$Species_LLLLLLLLLLLLLLLLLL done
Event: 5.123 loading class java/lang/invoke/BoundMethodHandle$Species_LLLLLLLLLLLLLLLLLLL
Event: 5.123 loading class java/lang/invoke/BoundMethodHandle$Species_LLLLLLLLLLLLLLLLLLL done
Event: 5.127 loading class java/lang/invoke/BoundMethodHandle$Species_LLLLLLLLLLLLLLLLLLLL
Event: 5.127 loading class java/lang/invoke/BoundMethodHandle$Species_LLLLLLLLLLLLLLLLLLLL done
Event: 5.132 loading class java/lang/invoke/BoundMethodHandle$Species_LLLLLLLLLLLLLLLLLLLLL
Event: 5.132 loading class java/lang/invoke/BoundMethodHandle$Species_LLLLLLLLLLLLLLLLLLLLL done
Event: 5.581 loading class java/util/stream/ReferencePipeline$4
Event: 5.581 loading class java/util/stream/ReferencePipeline$4 done
Event: 5.581 loading class java/util/function/IntBinaryOperator
Event: 5.581 loading class java/util/function/IntBinaryOperator done
Event: 5.581 loading class java/util/stream/ReduceOps$6
Event: 5.582 loading class java/util/stream/ReduceOps$6 done
Event: 5.582 loading class java/util/stream/ReduceOps$5ReducingSink
Event: 5.582 loading class java/util/stream/ReduceOps$5ReducingSink done
Event: 5.582 loading class java/util/stream/ReferencePipeline$4$1
Event: 5.582 loading class java/util/stream/ReferencePipeline$4$1 done
Event: 5.685 Thread 0x00000283329d6410 Thread added: 0x00000283329d6410


Dynamic libraries:
0x00007ff700e70000 - 0x00007ff700e7a000 	D:\Program Files\Android\Android Studio\jbr\bin\java.exe
0x00007ff889cd0000 - 0x00007ff889ee7000 	C:\Windows\SYSTEM32\ntdll.dll
0x00007ff888f20000 - 0x00007ff888fe4000 	C:\Windows\System32\KERNEL32.DLL
0x00007ff887210000 - 0x00007ff8875b6000 	C:\Windows\System32\KERNELBASE.dll
0x00007ff884400000 - 0x00007ff884497000 	C:\Windows\SYSTEM32\apphelp.dll
0x00007ff887910000 - 0x00007ff887a21000 	C:\Windows\System32\ucrtbase.dll
0x00007ff87c910000 - 0x00007ff87c927000 	D:\Program Files\Android\Android Studio\jbr\bin\jli.dll
0x00007ff888460000 - 0x00007ff88860d000 	C:\Windows\System32\USER32.dll
0x00007ff887050000 - 0x00007ff887076000 	C:\Windows\System32\win32u.dll
0x00007ff888ff0000 - 0x00007ff889019000 	C:\Windows\System32\GDI32.dll
0x00007ff86bd50000 - 0x00007ff86bfe3000 	C:\Windows\WinSxS\amd64_microsoft.windows.common-controls_6595b64144ccf1df_6.0.22621.2361_none_2712ced57382f843\COMCTL32.dll
0x00007ff887080000 - 0x00007ff887198000 	C:\Windows\System32\gdi32full.dll
0x00007ff887be0000 - 0x00007ff887c87000 	C:\Windows\System32\msvcrt.dll
0x00007ff8875c0000 - 0x00007ff88765a000 	C:\Windows\System32\msvcp_win.dll
0x00007ff85a030000 - 0x00007ff85a04b000 	D:\Program Files\Android\Android Studio\jbr\bin\VCRUNTIME140.dll
0x00007ff888610000 - 0x00007ff888641000 	C:\Windows\System32\IMM32.DLL
0x00007ff86b240000 - 0x00007ff86b24c000 	D:\Program Files\Android\Android Studio\jbr\bin\vcruntime140_1.dll
0x00007ff819950000 - 0x00007ff8199dd000 	D:\Program Files\Android\Android Studio\jbr\bin\msvcp140.dll
0x00007ff81ac70000 - 0x00007ff81b8de000 	D:\Program Files\Android\Android Studio\jbr\bin\server\jvm.dll
0x00007ff887e10000 - 0x00007ff887ec0000 	C:\Windows\System32\ADVAPI32.dll
0x00007ff887a30000 - 0x00007ff887ad6000 	C:\Windows\System32\sechost.dll
0x00007ff889b70000 - 0x00007ff889c87000 	C:\Windows\System32\RPCRT4.dll
0x00007ff884290000 - 0x00007ff8842c4000 	C:\Windows\SYSTEM32\WINMM.dll
0x00007ff87e4e0000 - 0x00007ff87e4ea000 	C:\Windows\SYSTEM32\VERSION.dll
0x00007ff8809d0000 - 0x00007ff8809d9000 	C:\Windows\SYSTEM32\WSOCK32.dll
0x00007ff8898d0000 - 0x00007ff889941000 	C:\Windows\System32\WS2_32.dll
0x00007ff886120000 - 0x00007ff886138000 	C:\Windows\SYSTEM32\kernel.appcore.dll
0x00007ff87cd30000 - 0x00007ff87cd3a000 	D:\Program Files\Android\Android Studio\jbr\bin\jimage.dll
0x00007ff86fb20000 - 0x00007ff86fd4e000 	C:\Windows\SYSTEM32\DBGHELP.DLL
0x00007ff887f50000 - 0x00007ff8882da000 	C:\Windows\System32\combase.dll
0x00007ff889a90000 - 0x00007ff889b67000 	C:\Windows\System32\OLEAUT32.dll
0x00007ff86fad0000 - 0x00007ff86fb02000 	C:\Windows\SYSTEM32\dbgcore.DLL
0x00007ff887660000 - 0x00007ff8876da000 	C:\Windows\System32\bcryptPrimitives.dll
0x00007ff87cac0000 - 0x00007ff87cae5000 	D:\Program Files\Android\Android Studio\jbr\bin\java.dll
0x00007ff87caa0000 - 0x00007ff87cab8000 	D:\Program Files\Android\Android Studio\jbr\bin\zip.dll
0x00007ff8886c0000 - 0x00007ff888f18000 	C:\Windows\System32\SHELL32.dll
0x00007ff884fc0000 - 0x00007ff8858b2000 	C:\Windows\SYSTEM32\windows.storage.dll
0x00007ff884e80000 - 0x00007ff884fbe000 	C:\Windows\SYSTEM32\wintypes.dll
0x00007ff887ae0000 - 0x00007ff887bd3000 	C:\Windows\System32\SHCORE.dll
0x00007ff8891d0000 - 0x00007ff88922e000 	C:\Windows\System32\shlwapi.dll
0x00007ff886f80000 - 0x00007ff886fa6000 	C:\Windows\SYSTEM32\profapi.dll
0x00007ff87ca80000 - 0x00007ff87ca99000 	D:\Program Files\Android\Android Studio\jbr\bin\net.dll
0x00007ff880b60000 - 0x00007ff880c97000 	C:\Windows\SYSTEM32\WINHTTP.dll
0x00007ff886600000 - 0x00007ff886669000 	C:\Windows\system32\mswsock.dll
0x00007ff87ca60000 - 0x00007ff87ca76000 	D:\Program Files\Android\Android Studio\jbr\bin\nio.dll
0x00007ff87cbb0000 - 0x00007ff87cbc0000 	D:\Program Files\Android\Android Studio\jbr\bin\verify.dll
0x00007ff881670000 - 0x00007ff881697000 	C:\Users\junio\.gradle\native\68d5fa5c4cc2d200863cafc0d521ce42e7d3e7ee720ec0a83991735586a16f82\windows-amd64\native-platform.dll
0x00007ffff7a90000 - 0x00007ffff7bd4000 	C:\Users\junio\.gradle\native\e376f236ea51e6404a007f0833ffe2c6e607c4080706a723a18a27aeea778392\windows-amd64\native-platform-file-events.dll
0x00007ff87c960000 - 0x00007ff87c969000 	D:\Program Files\Android\Android Studio\jbr\bin\management.dll
0x00007ff87c950000 - 0x00007ff87c95b000 	D:\Program Files\Android\Android Studio\jbr\bin\management_ext.dll
0x00007ff887c90000 - 0x00007ff887c98000 	C:\Windows\System32\PSAPI.DLL
0x00007ff886860000 - 0x00007ff88687b000 	C:\Windows\SYSTEM32\CRYPTSP.dll
0x00007ff8860e0000 - 0x00007ff886115000 	C:\Windows\system32\rsaenh.dll
0x00007ff8866f0000 - 0x00007ff88671c000 	C:\Windows\SYSTEM32\USERENV.dll
0x00007ff886a10000 - 0x00007ff886a38000 	C:\Windows\SYSTEM32\bcrypt.dll
0x00007ff886850000 - 0x00007ff88685c000 	C:\Windows\SYSTEM32\CRYPTBASE.dll
0x00007ff885b90000 - 0x00007ff885bbd000 	C:\Windows\SYSTEM32\IPHLPAPI.DLL
0x00007ff8882e0000 - 0x00007ff8882e9000 	C:\Windows\System32\NSI.dll
0x00007ff880d20000 - 0x00007ff880d39000 	C:\Windows\SYSTEM32\dhcpcsvc6.DLL
0x00007ff880690000 - 0x00007ff8806af000 	C:\Windows\SYSTEM32\dhcpcsvc.DLL
0x00007ff885c00000 - 0x00007ff885cf9000 	C:\Windows\SYSTEM32\DNSAPI.dll
0x00007ff87c940000 - 0x00007ff87c948000 	C:\Windows\system32\wshunix.dll

dbghelp: loaded successfully - version: 4.0.5 - missing functions: none
symbol engine: initialized successfully - sym options: 0x614 - pdb path: .;D:\Program Files\Android\Android Studio\jbr\bin;C:\Windows\SYSTEM32;C:\Windows\WinSxS\amd64_microsoft.windows.common-controls_6595b64144ccf1df_6.0.22621.2361_none_2712ced57382f843;D:\Program Files\Android\Android Studio\jbr\bin\server;C:\Users\junio\.gradle\native\68d5fa5c4cc2d200863cafc0d521ce42e7d3e7ee720ec0a83991735586a16f82\windows-amd64;C:\Users\junio\.gradle\native\e376f236ea51e6404a007f0833ffe2c6e607c4080706a723a18a27aeea778392\windows-amd64

VM Arguments:
jvm_args: --add-opens=java.base/java.util=ALL-UNNAMED --add-opens=java.base/java.lang=ALL-UNNAMED --add-opens=java.base/java.lang.invoke=ALL-UNNAMED --add-opens=java.prefs/java.util.prefs=ALL-UNNAMED --add-opens=java.base/java.nio.charset=ALL-UNNAMED --add-opens=java.base/java.net=ALL-UNNAMED --add-opens=java.base/java.util.concurrent.atomic=ALL-UNNAMED -Xmx2048m -Dfile.encoding=UTF-8 -Duser.country=FR -Duser.language=fr -Duser.variant 
java_command: org.gradle.launcher.daemon.bootstrap.GradleDaemon 8.0
java_class_path (initial): C:\Users\junio\.gradle\wrapper\dists\gradle-8.0-bin\ca5e32bp14vu59qr306oxotwh\gradle-8.0\lib\gradle-launcher-8.0.jar
Launcher Type: SUN_STANDARD

[Global flags]
     intx CICompilerCount                          = 4                                         {product} {ergonomic}
     uint ConcGCThreads                            = 2                                         {product} {ergonomic}
     uint G1ConcRefinementThreads                  = 8                                         {product} {ergonomic}
   size_t G1HeapRegionSize                         = 1048576                                   {product} {ergonomic}
    uintx GCDrainStackTargetSize                   = 64                                        {product} {ergonomic}
   size_t InitialHeapSize                          = 266338304                                 {product} {ergonomic}
   size_t MarkStackSize                            = 4194304                                   {product} {ergonomic}
   size_t MaxHeapSize                              = 2147483648                                {product} {command line}
   size_t MaxNewSize                               = 1287651328                                {product} {ergonomic}
   size_t MinHeapDeltaBytes                        = 1048576                                   {product} {ergonomic}
   size_t MinHeapSize                              = 8388608                                   {product} {ergonomic}
    uintx NonNMethodCodeHeapSize                   = 5839372                                {pd product} {ergonomic}
    uintx NonProfiledCodeHeapSize                  = 122909434                              {pd product} {ergonomic}
    uintx ProfiledCodeHeapSize                     = 122909434                              {pd product} {ergonomic}
    uintx ReservedCodeCacheSize                    = 251658240                              {pd product} {ergonomic}
     bool SegmentedCodeCache                       = true                                      {product} {ergonomic}
   size_t SoftMaxHeapSize                          = 2147483648                             {manageable} {ergonomic}
     bool UseCompressedClassPointers               = true                           {product lp64_product} {ergonomic}
     bool UseCompressedOops                        = true                           {product lp64_product} {ergonomic}
     bool UseG1GC                                  = true                                      {product} {ergonomic}
     bool UseLargePagesIndividualAllocation        = false                                  {pd product} {ergonomic}

Logging:
Log output configuration:
 #0: stdout all=warning uptime,level,tags
 #1: stderr all=off uptime,level,tags

Environment Variables:
PATH=C:\Windows\system32;C:\Windows;C:\Windows\System32\Wbem;C:\Windows\System32\WindowsPowerShell\v1.0\;C:\Windows\System32\OpenSSH\;C:\Program Files\dotnet\;C:\Users\junio\AppData\Local\Microsoft\WindowsApps;
USERNAME=junio
OS=Windows_NT
PROCESSOR_IDENTIFIER=Intel64 Family 6 Model 142 Stepping 12, GenuineIntel
TMP=C:\Users\junio\AppData\Local\Temp
TEMP=C:\Users\junio\AppData\Local\Temp


JNI global refs:
JNI global refs: 24, weak refs: 8

JNI global refs memory usage: 843, weak refs: 841


---------------  S Y S T E M  ---------------

OS:
 Windows 11 , 64 bit Build 22621 (10.0.22621.2428)
OS uptime: 2 days 3:50 hours

CPU: total 8 (initial active 8) (4 cores per cpu, 2 threads per core) family 6 model 142 stepping 12 microcode 0xde, cx8, cmov, fxsr, ht, mmx, 3dnowpref, sse, sse2, sse3, ssse3, sse4.1, sse4.2, popcnt, lzcnt, tsc, tscinvbit, avx, avx2, aes, erms, clmul, bmi1, bmi2, adx, fma, vzeroupper, clflush, clflushopt

Memory: 4k page, system-wide physical 16217M (314M free)
TotalPageFile size 31382M (AvailPageFile size 156M)
current process WorkingSet (physical memory assigned to process): 228M, peak: 232M
current process commit charge ("private bytes"): 267M, peak: 397M

vm_info: OpenJDK 64-Bit Server VM (17.0.6+0-b2043.56-10027231) for windows-amd64 JRE (17.0.6+0-b2043.56-10027231), built on Apr 28 2023 00:43:19 by "androidbuild" with MS VC++ 16.10 / 16.11 (VS2019)

END.
